<?xml version="1.0" encoding="UTF-8"?>
<!-- Generated by org.testng.reporters.JUnitReportReporter -->
<testsuite skipped="0" hostname="DESKTOP-KI2H72A" name="com.medicare.databaseTestscripts.InsertNewCategory" tests="1" failures="0" timestamp="2022-12-13T14:25:13 IST" time="0.215" errors="0">
  <testcase name="addNewCategory" time="0.215" classname="com.medicare.databaseTestscripts.InsertNewCategory"/>
  <system-out/>
</testsuite> <!-- com.medicare.databaseTestscripts.InsertNewCategory -->
