<?xml version="1.0" encoding="UTF-8"?>
<!-- Generated by org.testng.reporters.JUnitReportReporter -->
<testsuite skipped="0" hostname="DESKTOP-KI2H72A" name="com.testscripts.Logintest" tests="1" failures="0" timestamp="2022-12-10T15:47:43 IST" time="10.908" errors="0">
  <testcase name="login" time="10.908" classname="com.testscripts.Logintest"/>
  <system-out/>
</testsuite> <!-- com.testscripts.Logintest -->
