<?xml version="1.0" encoding="UTF-8"?>
<!-- Generated by org.testng.reporters.JUnitReportReporter -->
<testsuite skipped="0" hostname="DESKTOP-KI2H72A" name="com.medicare.databaseTestscripts.UpdateQuantity" tests="1" failures="0" timestamp="2022-12-13T15:29:46 IST" time="1.642" errors="0">
  <testcase name="updateQuantity" time="1.642" classname="com.medicare.databaseTestscripts.UpdateQuantity"/>
  <system-out/>
</testsuite> <!-- com.medicare.databaseTestscripts.UpdateQuantity -->
