<?xml version="1.0" encoding="UTF-8"?>
<!-- Generated by org.testng.reporters.JUnitReportReporter -->
<testsuite skipped="0" hostname="DESKTOP-KI2H72A" name="com.testscripts.TestRunner" tests="1" failures="0" timestamp="2022-12-10T21:09:31 IST" time="35.101" errors="0">
  <testcase name="runScenario" time="35.101" classname="com.testscripts.TestRunner"/>
  <system-out/>
</testsuite> <!-- com.testscripts.TestRunner -->
