<?xml version="1.0" encoding="UTF-8"?>
<!-- Generated by org.testng.reporters.JUnitReportReporter -->
<testsuite skipped="0" hostname="DESKTOP-KI2H72A" name="com.medicare.databaseTestscripts.RetrieveInfo" tests="1" failures="0" timestamp="2022-12-12T17:19:13 IST" time="0.076" errors="0">
  <testcase name="retrieveInfo" time="0.076" classname="com.medicare.databaseTestscripts.RetrieveInfo"/>
  <system-out/>
</testsuite> <!-- com.medicare.databaseTestscripts.RetrieveInfo -->
